import time: self [us] | cumulative | imported package
import time:       275 |        275 | winreg
import time:       580 |        580 |   _io
import time:       134 |        134 |   marshal
import time:       846 |        846 |   nt
import time:      6335 |       7894 | _frozen_importlib_external
import time:      1281 |       1281 |   time
import time:      1912 |       3193 | zipimport
import time:       196 |        196 |     _codecs
import time:      2825 |       3021 |   codecs
import time:      2821 |       2821 |   encodings.aliases
import time:      2004 |       2004 |   encodings._win_cp_codecs
import time:   5467099 |    5474945 | encodings
import time:      1759 |       1759 | encodings.utf_8
import time:      1727 |       1727 | encodings.cp1252
import time:       160 |        160 | _signal
import time:       111 |        111 |       _abc
import time:       853 |        963 |     abc
import time:       134 |        134 |       _stat
import time:       860 |        993 |     stat
import time:      2072 |       2072 |     _collections_abc
import time:       242 |        242 |       genericpath
import time:       282 |        282 |       _winapi
import time:      1470 |       1992 |     ntpath
import time:      2814 |       8834 |   os
import time:       282 |        282 |   _sitebuiltins
import time:       151 |        151 |   errno
import time:      1009 |       1009 |   sitecustomize
import time:       388 |        388 |   usercustomize
import time:      3806 |      14468 | site
import time:     41217 |      41217 |         django.utils
import time:       208 |        208 |           _datetime
import time:     23881 |      24088 |         datetime
import time:       410 |        410 |             itertools
import time:     13687 |      13687 |             keyword
import time:       227 |        227 |               _operator
import time:      9219 |       9446 |             operator
import time:      4997 |       4997 |             reprlib
import time:       246 |        246 |             _collections
import time:     38018 |      66801 |           collections
import time:       158 |        158 |             _types
import time:      3243 |       3401 |           types
import time:       202 |        202 |           _functools
import time:     16996 |      87398 |         functools
import time:       573 |        573 |           io
import time:       193 |        193 |             _locale
import time:      3374 |       3566 |           locale
import time:     16384 |      16384 |             enum
import time:      2738 |      19122 |           signal
import time:       153 |        153 |             _contextvars
import time:      5414 |       5414 |             _weakrefset
import time:      4172 |       9738 |           threading
import time:      8773 |       8773 |             _py_warnings
import time:     41335 |      50108 |           warnings
import time:     16668 |      16668 |           contextlib
import time:       653 |        653 |           fcntl
import time:       181 |        181 |           msvcrt
import time:     21691 |     122296 |         subprocess
import time:       207 |        207 |               _sre
import time:     16680 |      16680 |                 re._constants
import time:      5050 |      21729 |               re._parser
import time:     11425 |      11425 |               re._casefix
import time:      3894 |      37254 |             re._compiler
import time:      3827 |       3827 |             copyreg
import time:      5437 |      46517 |           re
import time:      2806 |       2806 |               weakref
import time:      4693 |       7499 |             copy
import time:     16442 |      23940 |           django.utils.functional
import time:      4948 |      75405 |         django.utils.regex_helper
import time:     17955 |     368358 |       django.utils.version
import time:   1031679 |    1400037 |     django
import time:      5963 |    1405999 |   django.core
import time:      3368 |       3368 |     importlib
import time:      1905 |       1905 |       importlib._abc
import time:     13183 |      15087 |     importlib.util
import time:       226 |        226 |     importlib.machinery
import time:      5986 |      24666 |   pkgutil
import time:      2046 |       2046 |     gettext
import time:      6543 |       8589 |   argparse
import time:       176 |        176 |       _heapq
import time:      4343 |       4518 |     heapq
import time:     12202 |      16719 |   difflib
import time:     17087 |      17087 |             _ast
import time:      6680 |      23767 |           ast
import time:     10415 |      34181 |         annotationlib
import time:       145 |        145 |             _opcode
import time:      1781 |       1781 |             _opcode_metadata
import time:      3127 |       5053 |           opcode
import time:      6070 |      11122 |         dis
import time:      1713 |       1713 |         linecache
import time:      1959 |       1959 |           token
import time:       125 |        125 |           _tokenize
import time:      9982 |      12065 |         tokenize
import time:     20457 |      79537 |       inspect
import time:      1349 |       1349 |         django.utils.hashable
import time:     12877 |      14226 |       django.core.exceptions
import time:      2887 |       2887 |       django.utils.module_loading
import time:      3611 |     100260 |     django.apps.config
import time:      4812 |       4812 |     django.apps.registry
import time:      2678 |     107750 |   django.apps
import time:     32726 |      32726 |       textwrap
import time:      1980 |       1980 |         __future__
import time:     16231 |      18211 |       codeop
import time:      3079 |       3079 |         dataclasses
import time:     67450 |      70528 |       _colorize
import time:    154349 |     275812 |     traceback
import time:       556 |        556 |         posix
import time:      2487 |       2487 |         posix
import time:      1327 |       4369 |       posixpath
import time:      2442 |       2442 |         fnmatch
import time:      6093 |       8535 |       glob
import time:       588 |        588 |       pwd
import time:       408 |        408 |       grp
import time:       633 |        633 |         fcntl
import time:       426 |        426 |         posix
import time:      8651 |       9709 |       pathlib._os
import time:     18924 |      42532 |     pathlib
import time:      5976 |       5976 |     django.conf.global_settings
import time:      4246 |       4246 |         asgiref
import time:      1882 |       1882 |               concurrent
import time:       166 |        166 |                     _string
import time:     16000 |      16166 |                   string
import time:       132 |        132 |                   atexit
import time:     10908 |      27204 |                 logging
import time:     11382 |      38585 |               concurrent.futures._base
import time:       157 |        157 |               _interpreters
import time:     29517 |      70141 |             concurrent.futures
import time:     15783 |      15783 |               _socket
import time:      7355 |      23138 |             socket
import time:     16655 |      16655 |               _ssl
import time:       243 |        243 |                   _struct
import time:      2392 |       2635 |                 struct
import time:       186 |        186 |                 binascii
import time:      5518 |       8339 |               base64
import time:     23509 |      48502 |             ssl
import time:      4569 |       4569 |             asyncio.constants
import time:      1584 |       1584 |             asyncio.coroutines
import time:      7646 |       7646 |               contextvars
import time:      2011 |       2011 |               asyncio.format_helpers
import time:      1273 |       1273 |                 asyncio.base_futures
import time:      1206 |       1206 |                 asyncio.exceptions
import time:      2093 |       2093 |                 asyncio.base_tasks
import time:     38374 |      42944 |               _asyncio
import time:      4472 |      57072 |             asyncio.events
import time:     24022 |      24022 |             asyncio.futures
import time:      4549 |       4549 |             asyncio.protocols
import time:     10110 |      10110 |               asyncio.transports
import time:      3777 |       3777 |               asyncio.log
import time:     19166 |      33052 |             asyncio.sslproto
import time:      4830 |       4830 |                 asyncio.mixins
import time:      6645 |      11474 |               asyncio.locks
import time:      7247 |       7247 |                 math
import time:      1863 |       1863 |                 asyncio.queues
import time:      2185 |       2185 |                 asyncio.timeouts
import time:     80270 |      91565 |               asyncio.tasks
import time:     21183 |     124221 |             asyncio.staggered
import time:      3736 |       3736 |             asyncio.trsock
import time:     15752 |     410332 |           asyncio.base_events
import time:     21312 |      21312 |           asyncio.graph
import time:      4487 |       4487 |           asyncio.runners
import time:      2081 |       2081 |           asyncio.streams
import time:      1779 |       1779 |           asyncio.subprocess
import time:      1573 |       1573 |           asyncio.taskgroups
import time:      1306 |       1306 |           asyncio.threads
import time:      3210 |       3210 |             _overlapped
import time:      1827 |       1827 |             asyncio.base_subprocess
import time:      2552 |       2552 |             asyncio.proactor_events
import time:      1639 |       1639 |                 select
import time:      4698 |       6336 |               selectors
import time:      2899 |       9234 |             asyncio.selector_events
import time:      1837 |       1837 |                   zlib
import time:      3646 |       3646 |                       compression
import time:     12888 |      16533 |                     compression._common
import time:      2264 |       2264 |                     compression._common._streams
import time:      5310 |       5310 |                     _bz2
import time:      3741 |      27847 |                   bz2
import time:      1522 |       1522 |                     _lzma
import time:      2476 |       3997 |                   lzma
import time:      1637 |       1637 |                     _zstd
import time:      1963 |       1963 |                     compression.zstd._zstdfile
import time:      6327 |       9927 |                   compression.zstd
import time:     16935 |      60541 |                 shutil
import time:       136 |        136 |                     _bisect
import time:      1998 |       2133 |                   bisect
import time:        91 |         91 |                   _random
import time:      3377 |       5601 |                 random
import time:      3090 |      69231 |               tempfile
import time:      2141 |      71372 |             asyncio.windows_utils
import time:     10470 |      98664 |           asyncio.windows_events
import time:      8104 |     549634 |         asyncio
import time:      2405 |       2405 |             _queue
import time:      2413 |       4818 |           queue
import time:      2277 |       7095 |         concurrent.futures.thread
import time:       144 |        144 |           _typing
import time:     44263 |      44407 |         typing
import time:      3754 |       3754 |         asgiref.current_thread_executor
import time:      1528 |       1528 |         asgiref.local
import time:      6238 |     616900 |       asgiref.sync
import time:     11588 |     628488 |     django.utils.deprecation
import time:     40200 |     993005 |   django.conf
import time:      3093 |       3093 |       django.core.checks.messages
import time:     23371 |      23371 |         django.utils.inspect
import time:      3777 |      27148 |       django.core.checks.registry
import time:      1824 |       1824 |       django.core.checks.async_checks
import time:      2100 |       2100 |               django.dispatch.dispatcher
import time:      2689 |       4789 |             django.dispatch
import time:      1922 |       6710 |           django.core.signals
import time:      1919 |       1919 |             django.core.cache.backends
import time:      4497 |       6415 |           django.core.cache.backends.base
import time:      1648 |       1648 |           django.utils.connection
import time:     20212 |      34984 |         django.core.cache
import time:      2100 |       2100 |             _compat_pickle
import time:       306 |        306 |             _pickle
import time:      7497 |       9902 |           pickle
import time:      3330 |       3330 |             _hashlib
import time:       244 |        244 |             _blake2
import time:     34918 |      38492 |           hashlib
import time:      3542 |       3542 |               django.core.files.utils
import time:      6584 |      10125 |             django.core.files.base
import time:      4912 |      15036 |           django.core.files
import time:      6096 |       6096 |               sysconfig
import time:      5353 |       5353 |               _ctypes
import time:      4826 |       4826 |               ctypes._endian
import time:     22846 |      39119 |             ctypes
import time:      1460 |       1460 |               ctypes._layout
import time:      5976 |       7436 |             ctypes.wintypes
import time:      3278 |      49832 |           django.core.files.locks
import time:      1465 |       1465 |           django.core.files.move
import time:      4751 |     119475 |         django.core.cache.backends.filebased
import time:      4125 |     158584 |       django.core.checks.caches
import time:      1569 |       1569 |       django.core.checks.commands
import time:      1680 |       1680 |         django.core.checks.compatibility
import time:      2312 |       3991 |       django.core.checks.compatibility.django_4_0
import time:      1918 |       1918 |           django.db.utils
import time:      1871 |       3788 |         django.db
import time:      1763 |       5551 |       django.core.checks.database
import time:     17223 |      17223 |       django.core.checks.files
import time:      4399 |       4399 |       django.core.checks.model_checks
import time:      1775 |       1775 |         django.core.checks.security
import time:     11811 |      13586 |       django.core.checks.security.base
import time:      4260 |       4260 |       django.core.checks.security.csrf
import time:     16794 |      16794 |       django.core.checks.security.sessions
import time:      2166 |       2166 |       django.core.checks.templates
import time:      4985 |       4985 |               numbers
import time:      3219 |       8204 |             _decimal
import time:      3917 |      12120 |           decimal
import time:       562 |        562 |             termios
import time:      1624 |       1624 |             pywatchman
import time:      3710 |       5895 |           django.utils.autoreload
import time:      3243 |      21257 |         django.utils.translation
import time:      4067 |       4067 |           django.conf.locale
import time:      1826 |       1826 |           django.utils.safestring
import time:      3670 |       9561 |         django.utils.translation.trans_real
import time:      3215 |      34033 |       django.core.checks.translation
import time:      3409 |       3409 |       django.core.checks.urls
import time:     23417 |     321040 |     django.core.checks
import time:      1298 |       1298 |       django.utils.termcolors
import time:       521 |        521 |       colorama
import time:      4805 |       6622 |     django.core.management.color
import time:      9481 |     337143 |   django.core.management.base
import time:      9971 |    2903839 | django.core.management
import time:      5614 |       5614 |       urllib
import time:      4352 |       4352 |       ipaddress
import time:      9129 |      19093 |     urllib.parse
import time:      5234 |       5234 |         http
import time:      4478 |       4478 |         http.cookies
import time:      6037 |      15748 |       django.http.cookie
import time:       189 |        189 |                 _json
import time:      4956 |       5145 |               json.scanner
import time:      3931 |       9075 |             json.decoder
import time:      5446 |       5446 |             json.encoder
import time:      8316 |      22836 |           json
import time:       186 |        186 |               _hmac
import time:      1900 |       2086 |             hmac
import time:      4561 |       4561 |             secrets
import time:      2057 |       2057 |             django.utils.encoding
import time:     32238 |      40940 |           django.utils.crypto
import time:     33106 |      96881 |         django.core.signing
import time:      4734 |       4734 |             django.core.files.temp
import time:      2048 |       6782 |           django.core.files.uploadedfile
import time:      2450 |       9232 |         django.core.files.uploadhandler
import time:      9374 |       9374 |             html.entities
import time:      3776 |      13149 |           html
import time:      2441 |       2441 |           django.utils.datastructures
import time:      1999 |       1999 |             unicodedata
import time:     23266 |      23266 |               email
import time:      1692 |       1692 |               email._parseaddr
import time:      5490 |      30446 |             email.utils
import time:      4079 |      36523 |           django.utils.http
import time:     10089 |      62201 |         django.http.multipartparser
import time:      5742 |     174054 |       django.http.request
import time:      3443 |       3443 |         mimetypes
import time:      3556 |       3556 |           email.quoprimime
import time:      1723 |       1723 |           email.base64mime
import time:      2768 |       2768 |           email.errors
import time:      1494 |       1494 |               quopri
import time:      1951 |       3444 |             email.encoders
import time:      2384 |       5828 |           email.charset
import time:      4764 |      18636 |         email.header
import time:      3818 |       3818 |               email._policybase
import time:      3198 |       7016 |             email.feedparser
import time:     41144 |      48159 |           email.parser
import time:      5162 |       5162 |             email._encoded_words
import time:      1493 |       1493 |             email.iterators
import time:     67413 |      74067 |           email.message
import time:      9877 |     132102 |         http.client
import time:      7057 |       7057 |                   django.db.models.utils
import time:     10369 |      17426 |                 django.db.models.signals
import time:      4458 |       4458 |                       _uuid
import time:     11745 |      16203 |                     uuid
import time:      2108 |       2108 |                                         django.template.context
import time:     51230 |      51230 |                                             calendar
import time:      6862 |       6862 |                                             django.utils.dates
import time:       231 |        231 |                                                   _sysconfig
import time:     11539 |      11770 |                                                 zoneinfo._tzpath
import time:      1826 |       1826 |                                                 zoneinfo._common
import time:      1659 |       1659 |                                                 _zoneinfo
import time:     20301 |      35553 |                                               zoneinfo
import time:     17728 |      53280 |                                             django.utils.timezone
import time:      8206 |     119577 |                                           django.utils.dateformat
import time:      1958 |       1958 |                                           django.utils.numberformat
import time:      5246 |     126780 |                                         django.utils.formats
import time:      3255 |       3255 |                                             _markupbase
import time:      8545 |      11800 |                                           html.parser
import time:      1411 |       1411 |                                             django.utils.deconstruct
import time:      1775 |       1775 |                                             django.utils.ipv6
import time:      8645 |      11829 |                                           django.core.validators
import time:      2342 |       2342 |                                             gzip
import time:      4868 |       7210 |                                           django.utils.text
import time:     20947 |      51784 |                                         django.utils.html
import time:      2203 |       2203 |                                         django.template.exceptions
import time:      9383 |     192257 |                                       django.template.base
import time:      2125 |       2125 |                                       django.template.library
import time:     18911 |     213292 |                                     django.template.engine
import time:      1650 |       1650 |                                     django.template.utils
import time:      1091 |       1091 |                                         django.template.backends
import time:       911 |        911 |                                           django.utils._os
import time:      1803 |       2714 |                                         django.template.backends.base
import time:      3509 |       7313 |                                       django.template.backends.django
import time:      6620 |      13932 |                                     django.template.autoreload
import time:      7636 |     236509 |                                   django.template
import time:      2182 |     238691 |                                 django.template.backends
import time:      1050 |     239740 |                               django.template.backends.django
import time:      1697 |       1697 |                               django.template.loader
import time:      4147 |     245583 |                             django.forms.renderers
import time:      3576 |     249158 |                           django.forms.utils
import time:      1868 |       1868 |                             graphlib
import time:      1447 |       1447 |                               django.templatetags
import time:      2268 |       3715 |                             django.templatetags.static
import time:      1426 |       1426 |                             django.utils.choices
import time:      9500 |      16507 |                           django.forms.widgets
import time:      5582 |     271246 |                         django.forms.boundfield
import time:      1231 |       1231 |                           django.utils.dateparse
import time:       919 |        919 |                           django.utils.duration
import time:      8902 |      11052 |                         django.forms.fields
import time:      1461 |       1461 |                         django.forms.forms
import time:      1909 |       1909 |                         django.forms.formsets
import time:      9077 |       9077 |                         django.forms.models
import time:      5885 |     300627 |                       django.forms
import time:      1742 |       1742 |                       django.db.models.constants
import time:      1184 |       1184 |                         django.db.transaction
import time:      3361 |       3361 |                         django.utils.tree
import time:      3514 |       8058 |                       django.db.models.query_utils
import time:     13909 |     324335 |                     django.db.models.fields
import time:      2129 |       2129 |                     django.db.models.enums
import time:     22897 |     365562 |                   django.db.models.expressions
import time:      1726 |       1726 |                     django.db.models.functions.comparison
import time:      5913 |       5913 |                             django.db.backends
import time:      2516 |       8428 |                           django.db.backends.base
import time:      1700 |       1700 |                               sqlparse.tokens
import time:      1826 |       1826 |                               sqlparse.utils
import time:      5858 |       9383 |                             sqlparse.sql
import time:      1321 |       1321 |                               sqlparse.exceptions
import time:      2392 |       3713 |                             sqlparse.cli
import time:      2171 |       2171 |                               sqlparse.engine.grouping
import time:      9295 |       9295 |                                   sqlparse.keywords
import time:      3380 |      12674 |                                 sqlparse.lexer
import time:      1898 |       1898 |                                 sqlparse.engine.statement_splitter
import time:      4842 |       4842 |                                   sqlparse.filters.others
import time:      1492 |       1492 |                                   sqlparse.filters.output
import time:      1212 |       1212 |                                   sqlparse.filters.tokens
import time:      1238 |       1238 |                                   sqlparse.filters.reindent
import time:      1039 |       1039 |                                   sqlparse.filters.right_margin
import time:      1081 |       1081 |                                   sqlparse.filters.aligned_indent
import time:      7078 |      17979 |                                 sqlparse.filters
import time:      4595 |      37144 |                               sqlparse.engine.filter_stack
import time:      3472 |      42786 |                             sqlparse.engine
import time:      6625 |       6625 |                             sqlparse.formatter
import time:      5274 |      67779 |                           sqlparse
import time:      3287 |      79494 |                         django.db.backends.base.operations
import time:      5090 |      84583 |                       django.db.models.lookups
import time:      5741 |      90323 |                     django.db.models.functions.datetime
import time:      9233 |       9233 |                         django.db.models.fields.mixins
import time:      7225 |      16457 |                       django.db.models.fields.json
import time:      3618 |      20075 |                     django.db.models.functions.json
import time:      1323 |       1323 |                       django.db.models.functions.mixins
import time:      9756 |      11078 |                     django.db.models.functions.math
import time:     28111 |      28111 |                     django.db.models.functions.text
import time:      2744 |       2744 |                     django.db.models.functions.window
import time:     53131 |     207184 |                   django.db.models.functions
import time:     12319 |     585065 |                 django.db.models.aggregates
import time:     12250 |      12250 |                     django.db.backends.utils
import time:     10771 |      10771 |                         django.db.models.sql.constants
import time:      4470 |       4470 |                         django.db.models.sql.datastructures
import time:      2240 |       2240 |                         django.db.models.sql.where
import time:     18042 |      35520 |                       django.db.models.sql.query
import time:    120819 |     120819 |                       django.db.models.sql.subqueries
import time:     18852 |     175191 |                     django.db.models.sql
import time:      5156 |     192596 |                   django.db.models.indexes
import time:      7374 |     199970 |                 django.db.models.constraints
import time:      3483 |       3483 |                 django.db.models.deletion
import time:      1842 |       1842 |                   django.db.models.fields.tuple_lookups
import time:      3302 |       5143 |                 django.db.models.fields.composite
import time:      2217 |       2217 |                   django.core.files.images
import time:      1380 |       1380 |                     django.core.files.storage.base
import time:       904 |        904 |                       django.core.files.storage.mixins
import time:      1933 |       2837 |                     django.core.files.storage.filesystem
import time:       936 |        936 |                     django.core.files.storage.handler
import time:      1602 |       1602 |                     django.core.files.storage.memory
import time:      4314 |      11066 |                   django.core.files.storage
import time:      8427 |      21709 |                 django.db.models.fields.files
import time:      1635 |       1635 |                 django.db.models.fields.generated
import time:      1044 |       1044 |                 django.db.models.fields.proxy
import time:      2740 |       2740 |                   django.db.models.query
import time:      2801 |       5541 |                 django.db.models.manager
import time:      4605 |       4605 |                     django.db.models.fields.related_descriptors
import time:      1868 |       1868 |                     django.db.models.fields.related_lookups
import time:      1911 |       1911 |                     django.db.models.fields.reverse_related
import time:      6026 |      14410 |                   django.db.models.fields.related
import time:      2929 |       2929 |                   django.db.models.options
import time:      4879 |      22216 |                 django.db.models.base
import time:     24145 |     887372 |               django.db.models
import time:      4122 |     891493 |             django.core.serializers.base
import time:     15993 |     907486 |           django.core.serializers
import time:      1585 |       1585 |           django.core.serializers.python
import time:      4234 |     913304 |         django.core.serializers.json
import time:      7756 |    1075239 |       django.http.response
import time:      3510 |    1268550 |     django.http
import time:      1299 |       1299 |     django.urls.exceptions
import time:      1813 |       1813 |       django.urls.converters
import time:      3376 |       3376 |       django.urls.utils
import time:      4199 |       9388 |     django.urls.resolvers
import time:     14847 |    1313175 |   django.urls.base
import time:      1517 |       1517 |   django.urls.conf
import time:      2423 |    1317114 | django.urls
import time:      5648 |       5648 |     logging.handlers
import time:      2478 |       2478 |     socketserver
import time:      4698 |      12824 |   logging.config
import time:      4225 |       4225 |       email.generator
import time:     13956 |      13956 |         email._header_value_parser
import time:      6318 |      20274 |       email.headerregistry
import time:      2003 |       2003 |         email.mime
import time:      1117 |       1117 |           email.contentmanager
import time:      2038 |       3155 |         email.policy
import time:      3125 |       8282 |       email.mime.base
import time:      1067 |       1067 |         email.mime.nonmultipart
import time:      2338 |       3405 |       email.mime.message
import time:      1960 |       1960 |       email.mime.multipart
import time:      1940 |       1940 |       email.mime.text
import time:      1296 |       1296 |       django.core.mail.utils
import time:      8805 |      50183 |     django.core.mail.message
import time:      2535 |      52718 |   django.core.mail
import time:      2676 |      68217 | django.utils.log
import time:      1106 |       1106 |       django.template.response
import time:       990 |        990 |       django.utils.decorators
import time:      2793 |       4888 |     django.views.generic.base
import time:      1320 |       1320 |       django.views.generic.detail
import time:      3465 |       3465 |         django.core.paginator
import time:      4823 |       8288 |       django.views.generic.list
import time:      3285 |      12892 |     django.views.generic.dates
import time:      2044 |       2044 |     django.views.generic.edit
import time:      3347 |      23169 |   django.views.generic
import time:       661 |      23830 | django.views.generic.base
import time:      1572 |       1572 |   pprint
import time:      2070 |       2070 |   django.utils.timesince
import time:      3125 |       6766 | django.template.defaultfilters
import time:      1799 |       1799 |   django.views.decorators
import time:      1897 |       3696 | django.views.decorators.debug
import time:      1148 |       1148 |   django.utils.lorem_ipsum
import time:      1538 |       1538 |   django.template.smartif
import time:      3909 |       6594 | django.template.defaulttags
import time:      3833 |       3833 | django.contrib.admin.decorators
import time:      1157 |       1157 |   django.contrib.admin.exceptions
import time:      1473 |       1473 |         django.contrib.messages.constants
import time:      1319 |       1319 |         django.contrib.messages.storage
import time:      3059 |       5850 |       django.contrib.messages.api
import time:       850 |        850 |         django.contrib.messages.utils
import time:      2127 |       2977 |       django.contrib.messages.storage.base
import time:      2615 |      11441 |     django.contrib.messages
import time:      1597 |       1597 |       django.contrib.admin.utils
import time:      2666 |       4263 |     django.contrib.admin.helpers
import time:      3561 |       3561 |     django.contrib.admin.widgets
import time:      4645 |       4645 |     django.contrib.admin.checks
import time:      1907 |       1907 |       django.contrib.admin.templatetags
import time:      2540 |       4447 |     django.contrib.admin.templatetags.admin_urls
import time:      1091 |       1091 |         django.middleware
import time:      1416 |       1416 |         django.utils.cache
import time:      5027 |       7533 |       django.middleware.csrf
import time:      1430 |       1430 |       django.contrib.auth.signals
import time:      2866 |      11828 |     django.contrib.auth
import time:      1488 |       1488 |     django.views.decorators.csrf
import time:      7660 |      49329 |   django.contrib.admin.options
import time:      3612 |      54097 | django.contrib.admin.filters
import time:      1191 |       1191 |   django.contrib.admin.actions
import time:      1678 |       1678 |     django.contrib.admin.views
import time:      2735 |       4413 |   django.contrib.admin.views.autocomplete
import time:      1135 |       1135 |     django.shortcuts
import time:      2037 |       3172 |   django.contrib.auth.decorators
import time:      1246 |       1246 |     django.middleware.cache
import time:      2204 |       3450 |   django.views.decorators.cache
import time:       993 |        993 |   django.views.decorators.common
import time:      1287 |       1287 |   django.views.i18n
import time:      5628 |      20131 | django.contrib.admin.sites
import time:       423 |        423 |       termios
import time:      1877 |       2299 |     getpass
import time:      1090 |       1090 |       django.contrib.contenttypes
import time:      1417 |       1417 |           django.db.migrations.utils
import time:      1266 |       1266 |           django.db.migrations.exceptions
import time:      2955 |       5638 |         django.db.migrations.migration
import time:      1494 |       1494 |             django.db.migrations.operations.base
import time:      2380 |       3873 |           django.db.migrations.operations.fields
import time:      3132 |       3132 |             django.db.migrations.state
import time:      3051 |       6183 |           django.db.migrations.operations.models
import time:      2529 |       2529 |           django.db.migrations.operations.special
import time:      5114 |      17698 |         django.db.migrations.operations
import time:      3232 |      26567 |       django.db.migrations
import time:      4037 |      31693 |     django.contrib.contenttypes.management
import time:      2929 |      36921 |   django.contrib.auth.management
import time:      4144 |      41064 | django.contrib.auth.checks
import time:      1052 |       1052 | django.contrib.contenttypes.checks
import time:       964 |        964 |     django.contrib.staticfiles.utils
import time:      1956 |       2919 |   django.contrib.staticfiles.finders
import time:      1537 |       4456 | django.contrib.staticfiles.checks
import time:      3045 |       3045 | django.contrib.contenttypes.models
import time:      1600 |       1600 |   django.contrib.auth.password_validation
import time:      2236 |       2236 |   django.contrib.auth.hashers
import time:      2862 |       2862 |   mssql.functions
import time:      3999 |       3999 |   pyodbc
import time:      1225 |       1225 |     django.db.backends.base.validation
import time:       966 |        966 |     django.db.backends.signals
import time:      1453 |       1453 |     django.utils.asyncio
import time:      3892 |       7536 |   django.db.backends.base.base
import time:      2034 |       2034 |     django.db.backends.base.client
import time:      3869 |       5903 |   mssql.client
import time:      1820 |       1820 |     django.db.backends.base.creation
import time:      3359 |       5179 |   mssql.creation
import time:      1946 |       1946 |     django.db.backends.base.features
import time:      2308 |       4254 |   mssql.features
import time:      2016 |       2016 |     django.db.backends.base.introspection
import time:      2973 |       4989 |   mssql.introspection
import time:      1642 |       1642 |       pytz.exceptions
import time:      1615 |       1615 |       pytz.lazy
import time:      3496 |       3496 |       pytz.tzinfo
import time:      1246 |       1246 |       pytz.tzfile
import time:      5062 |      13059 |     pytz
import time:      2389 |      15448 |   mssql.operations
import time:      2379 |       2379 |       django.db.backends.ddl_references
import time:      3551 |       5930 |     django.db.backends.base.schema
import time:      2920 |       8849 |   mssql.schema
import time:     14540 |      77390 | django.contrib.auth.base_user
import time:      2051 |       2051 | django.contrib.auth.validators
import time:      1636 |       1636 | django.utils.translation.reloader
import time:      2940 |       2940 | django.contrib.sessions.base_session
import time:     26732 |      26732 | jobs.models
import time:      1071 |       1071 |   django.contrib.auth.tokens
import time:       979 |        979 |     django.contrib.sites
import time:      1675 |       1675 |     django.contrib.sites.requests
import time:      4025 |       6678 |   django.contrib.sites.shortcuts
import time:      6746 |      14494 | django.contrib.auth.forms
import time:      2011 |       2011 | django.contrib.contenttypes.fields
import time:      1174 |       1174 | django.contrib.contenttypes.forms
import time:       661 |        661 |   clients.totals
import time:      1818 |       2479 | clients.signals_ticket_lines
import time:      1461 |       1461 | providers.signals
import time:       634 |        634 |   providers.totals
import time:      1644 |       2278 | providers.signals_ticket_lines
import time:      1042 |       1042 | jobs.signals
import time:      1856 |       1856 |       urllib.response
import time:      2391 |       4246 |     urllib.error
import time:      3776 |       8022 |   urllib.request
import time:      1087 |       1087 |     django.views.static
import time:      1743 |       2830 |   django.contrib.staticfiles.views
import time:       990 |        990 |     django.core.handlers
import time:      1004 |       1004 |       django.core.handlers.exception
import time:      2058 |       3061 |     django.core.handlers.base
import time:      2768 |       6819 |   django.core.handlers.asgi
import time:      7438 |       7438 |   django.core.handlers.wsgi
import time:      3690 |      28797 | django.contrib.staticfiles.handlers
import time:      1284 |       1284 |   django.core.management.commands
import time:      1055 |       1055 |     django.core.servers
import time:      1288 |       1288 |     wsgiref
import time:      4358 |       4358 |       http.server
import time:      1318 |       1318 |         wsgiref.util
import time:      1159 |       1159 |         wsgiref.headers
import time:      3533 |       6009 |       wsgiref.handlers
import time:      3780 |       3780 |         _wmi
import time:      3479 |       7258 |       platform
import time:      4480 |      22103 |     wsgiref.simple_server
import time:      1306 |       1306 |     django.core.wsgi
import time:      3757 |      29506 |   django.core.servers.basehttp
import time:      2686 |      33475 | django.core.management.commands.runserver
Performing system checks...

import time:      1124 |       1124 | django.contrib.contenttypes.views
import time:      1020 |       1020 |     django.middleware.http
import time:      1683 |       2702 |   django.views.decorators.http
import time:      3829 |       3829 |         jobs.taxes
import time:      1418 |       5246 |       jobs.taxes_apply
import time:      1877 |       7123 |     clients.lines
import time:      1081 |       1081 |     clients.lines_fee
import time:       980 |        980 |       clients.invoicing
import time:      1815 |       2794 |     clients.ticketing
import time:      3917 |       3917 |     jobs.ledger
import time:      1880 |       1880 |     jobs.metrics
import time:      2515 |       2515 |       jobs.fees
import time:       865 |        865 |       providers.lines_fee
import time:      1772 |       5151 |     jobs.services_fee
import time:       621 |        621 |     providers.lines
import time:       932 |        932 |       providers.invoicing
import time:      1712 |       2643 |     providers.ticketing
import time:      7714 |      32920 |   jobs.services
import time:       960 |        960 |   jobs.services_extras
import time:      3225 |      39806 | jobs.views
import time:      5979 |       5979 | django.core.cache.utils
import time:      1900 |       1900 | django.contrib.admin.views.main
import time:      1256 |       1256 | django.contrib.admin.templatetags.base
import time:      1231 |       1231 | django.core.management.utils
import time:      2186 |       2186 |   django.db.migrations.optimizer
import time:      1292 |       1292 |       django.db.migrations.graph
import time:      1190 |       1190 |       django.db.migrations.recorder
import time:      2704 |       5185 |     django.db.migrations.loader
import time:      3214 |       8399 |   django.db.migrations.questioner
import time:      7743 |      18327 | django.db.migrations.autodetector
import time:      2846 |       2846 |   django.db.migrations.serializer
import time:      5223 |       8068 | django.db.migrations.writer
import time:      1085 |       1085 | django.core.management.sql
import time:      1896 |       1896 | django.db.migrations.executor
import time:      2037 |       2037 | django.contrib.auth.backends
import time:      2582 |       2582 | django.contrib.auth.views
import time:      1263 |       1263 |   django.contrib.sessions.backends
import time:      2559 |       3821 | django.contrib.sessions.backends.base
import time:      1334 |       1334 | django.contrib.sessions.exceptions
import time:      3658 |       3658 |   django.views.defaults
import time:      2745 |       6403 | django.conf.urls
System check identified no issues (0 silenced).
import time:      1674 |       1674 | encodings.utf_16_le
import time:      2670 |       2670 | django.db.models.sql.compiler
import time:      1890 |       1890 |   stringprep
import time:      3390 |       5279 | encodings.idna
February 23, 2026 - 17:59:22
Django version 5.2.11, using settings 'config.settings'
Starting development server at http://127.0.0.1:8000/
Quit the server with CTRL-BREAK.

WARNING: This is a development server. Do not use it in a production setting. Use a production WSGI or ASGI server instead.
For more information on production servers see: https://docs.djangoproject.com/en/5.2/howto/deployment/
